CRITICAL - 2022-07-13 08:16:16 --> Call to undefined function file_get_content()
#0 C:\xampp\htdocs\festival_v2\system\View\View.php(210): include()
#1 C:\xampp\htdocs\festival_v2\system\View\View.php(213): CodeIgniter\View\View->CodeIgniter\View\{closure}()
#2 C:\xampp\htdocs\festival_v2\system\Common.php(1089): CodeIgniter\View\View->render('honorees', Array, true)
#3 C:\xampp\htdocs\festival_v2\app\Controllers\Home.php(15): view('honorees')
#4 C:\xampp\htdocs\festival_v2\system\CodeIgniter.php(825): App\Controllers\Home->index()
#5 C:\xampp\htdocs\festival_v2\system\CodeIgniter.php(412): CodeIgniter\CodeIgniter->runController(Object(App\Controllers\Home))
#6 C:\xampp\htdocs\festival_v2\system\CodeIgniter.php(320): CodeIgniter\CodeIgniter->handleRequest(NULL, Object(Config\Cache), false)
#7 C:\xampp\htdocs\festival_v2\public\index.php(37): CodeIgniter\CodeIgniter->run()
#8 {main}
CRITICAL - 2022-07-13 08:16:27 --> Call to undefined function file_get_content()
#0 C:\xampp\htdocs\festival_v2\system\View\View.php(210): include()
#1 C:\xampp\htdocs\festival_v2\system\View\View.php(213): CodeIgniter\View\View->CodeIgniter\View\{closure}()
#2 C:\xampp\htdocs\festival_v2\system\Common.php(1089): CodeIgniter\View\View->render('honorees', Array, true)
#3 C:\xampp\htdocs\festival_v2\app\Controllers\Home.php(15): view('honorees')
#4 C:\xampp\htdocs\festival_v2\system\CodeIgniter.php(825): App\Controllers\Home->index()
#5 C:\xampp\htdocs\festival_v2\system\CodeIgniter.php(412): CodeIgniter\CodeIgniter->runController(Object(App\Controllers\Home))
#6 C:\xampp\htdocs\festival_v2\system\CodeIgniter.php(320): CodeIgniter\CodeIgniter->handleRequest(NULL, Object(Config\Cache), false)
#7 C:\xampp\htdocs\festival_v2\public\index.php(37): CodeIgniter\CodeIgniter->run()
#8 {main}
