CRITICAL - 2022-05-24 09:04:55 --> syntax error, unexpected 'echo' (T_ECHO), expecting ';' or ','
#0 C:\xampp\htdocs\festival_v2\system\Autoloader\Autoloader.php(241): CodeIgniter\Autoloader\Autoloader->includeFile('C:\\xampp\\htdocs...')
#1 C:\xampp\htdocs\festival_v2\system\Autoloader\Autoloader.php(219): CodeIgniter\Autoloader\Autoloader->loadInNamespace('App\\Controllers...')
#2 [internal function]: CodeIgniter\Autoloader\Autoloader->loadClass('App\\Controllers...')
#3 [internal function]: spl_autoload_call('App\\Controllers...')
#4 C:\xampp\htdocs\festival_v2\system\CodeIgniter.php(790): class_exists('\\App\\Controller...', true)
#5 C:\xampp\htdocs\festival_v2\system\CodeIgniter.php(399): CodeIgniter\CodeIgniter->startController()
#6 C:\xampp\htdocs\festival_v2\system\CodeIgniter.php(320): CodeIgniter\CodeIgniter->handleRequest(NULL, Object(Config\Cache), false)
#7 C:\xampp\htdocs\festival_v2\public\index.php(37): CodeIgniter\CodeIgniter->run()
#8 {main}
CRITICAL - 2022-05-24 09:05:03 --> Undefined variable: home
#0 C:\xampp\htdocs\festival_v2\app\Views\navbar.php(3): CodeIgniter\Debug\Exceptions->errorHandler(8, 'Undefined varia...', 'C:\\xampp\\htdocs...', 3, Array)
#1 C:\xampp\htdocs\festival_v2\system\View\View.php(210): include('C:\\xampp\\htdocs...')
#2 C:\xampp\htdocs\festival_v2\system\View\View.php(213): CodeIgniter\View\View->CodeIgniter\View\{closure}()
#3 C:\xampp\htdocs\festival_v2\system\Common.php(1089): CodeIgniter\View\View->render('navbar', Array, true)
#4 C:\xampp\htdocs\festival_v2\app\Controllers\Home.php(10): view('navbar')
#5 C:\xampp\htdocs\festival_v2\system\CodeIgniter.php(825): App\Controllers\Home->index()
#6 C:\xampp\htdocs\festival_v2\system\CodeIgniter.php(412): CodeIgniter\CodeIgniter->runController(Object(App\Controllers\Home))
#7 C:\xampp\htdocs\festival_v2\system\CodeIgniter.php(320): CodeIgniter\CodeIgniter->handleRequest(NULL, Object(Config\Cache), false)
#8 C:\xampp\htdocs\festival_v2\public\index.php(37): CodeIgniter\CodeIgniter->run()
#9 {main}
CRITICAL - 2022-05-24 09:07:35 --> Undefined variable: base_url
#0 C:\xampp\htdocs\festival_v2\app\Views\navbar.php(3): CodeIgniter\Debug\Exceptions->errorHandler(8, 'Undefined varia...', 'C:\\xampp\\htdocs...', 3, Array)
#1 C:\xampp\htdocs\festival_v2\system\View\View.php(210): include('C:\\xampp\\htdocs...')
#2 C:\xampp\htdocs\festival_v2\system\View\View.php(213): CodeIgniter\View\View->CodeIgniter\View\{closure}()
#3 C:\xampp\htdocs\festival_v2\system\Common.php(1089): CodeIgniter\View\View->render('navbar', Array, true)
#4 C:\xampp\htdocs\festival_v2\app\Controllers\Home.php(10): view('navbar')
#5 C:\xampp\htdocs\festival_v2\system\CodeIgniter.php(825): App\Controllers\Home->index()
#6 C:\xampp\htdocs\festival_v2\system\CodeIgniter.php(412): CodeIgniter\CodeIgniter->runController(Object(App\Controllers\Home))
#7 C:\xampp\htdocs\festival_v2\system\CodeIgniter.php(320): CodeIgniter\CodeIgniter->handleRequest(NULL, Object(Config\Cache), false)
#8 C:\xampp\htdocs\festival_v2\public\index.php(37): CodeIgniter\CodeIgniter->run()
#9 {main}
CRITICAL - 2022-05-24 09:07:42 --> Undefined variable: base_url
#0 C:\xampp\htdocs\festival_v2\app\Views\navbar.php(3): CodeIgniter\Debug\Exceptions->errorHandler(8, 'Undefined varia...', 'C:\\xampp\\htdocs...', 3, Array)
#1 C:\xampp\htdocs\festival_v2\system\View\View.php(210): include('C:\\xampp\\htdocs...')
#2 C:\xampp\htdocs\festival_v2\system\View\View.php(213): CodeIgniter\View\View->CodeIgniter\View\{closure}()
#3 C:\xampp\htdocs\festival_v2\system\Common.php(1089): CodeIgniter\View\View->render('navbar', Array, true)
#4 C:\xampp\htdocs\festival_v2\app\Controllers\Home.php(10): view('navbar')
#5 C:\xampp\htdocs\festival_v2\system\CodeIgniter.php(825): App\Controllers\Home->index()
#6 C:\xampp\htdocs\festival_v2\system\CodeIgniter.php(412): CodeIgniter\CodeIgniter->runController(Object(App\Controllers\Home))
#7 C:\xampp\htdocs\festival_v2\system\CodeIgniter.php(320): CodeIgniter\CodeIgniter->handleRequest(NULL, Object(Config\Cache), false)
#8 C:\xampp\htdocs\festival_v2\public\index.php(37): CodeIgniter\CodeIgniter->run()
#9 {main}
