CRITICAL - 2022-07-21 12:07:13 --> syntax error, unexpected '}'
#0 C:\xampp\htdocs\festival_v2\system\Router\Router.php(175): CodeIgniter\Router\Router->autoRoute('home/stands')
#1 C:\xampp\htdocs\festival_v2\system\CodeIgniter.php(719): CodeIgniter\Router\Router->handle('home/stands')
#2 C:\xampp\htdocs\festival_v2\system\CodeIgniter.php(361): CodeIgniter\CodeIgniter->tryToRouteIt(Object(CodeIgniter\Router\RouteCollection))
#3 C:\xampp\htdocs\festival_v2\system\CodeIgniter.php(320): CodeIgniter\CodeIgniter->handleRequest(NULL, Object(Config\Cache), false)
#4 C:\xampp\htdocs\festival_v2\public\index.php(37): CodeIgniter\CodeIgniter->run()
#5 {main}
ERROR - 2022-07-21 12:40:03 --> Unknown column 'created_at' in 'field list'
CRITICAL - 2022-07-21 12:40:03 --> Unknown column 'created_at' in 'field list'
#0 C:\xampp\htdocs\festival_v2\system\Database\MySQLi\Connection.php(292): mysqli->query('INSERT INTO `st...', 0)
#1 C:\xampp\htdocs\festival_v2\system\Database\BaseConnection.php(670): CodeIgniter\Database\MySQLi\Connection->execute('INSERT INTO `st...')
#2 C:\xampp\htdocs\festival_v2\system\Database\BaseConnection.php(598): CodeIgniter\Database\BaseConnection->simpleQuery('INSERT INTO `st...')
#3 C:\xampp\htdocs\festival_v2\system\Database\BaseBuilder.php(1771): CodeIgniter\Database\BaseConnection->query('INSERT INTO `st...', Array, false)
#4 C:\xampp\htdocs\festival_v2\system\Model.php(239): CodeIgniter\Database\BaseBuilder->insert()
#5 C:\xampp\htdocs\festival_v2\system\BaseModel.php(738): CodeIgniter\Model->doInsert(Array)
#6 C:\xampp\htdocs\festival_v2\system\Model.php(625): CodeIgniter\BaseModel->insert(Array, false)
#7 C:\xampp\htdocs\festival_v2\system\BaseModel.php(658): CodeIgniter\Model->insert(Array, false)
#8 C:\xampp\htdocs\festival_v2\app\Controllers\Home.php(110): CodeIgniter\BaseModel->save(Array)
#9 C:\xampp\htdocs\festival_v2\system\CodeIgniter.php(825): App\Controllers\Home->stands()
#10 C:\xampp\htdocs\festival_v2\system\CodeIgniter.php(412): CodeIgniter\CodeIgniter->runController(Object(App\Controllers\Home))
#11 C:\xampp\htdocs\festival_v2\system\CodeIgniter.php(320): CodeIgniter\CodeIgniter->handleRequest(NULL, Object(Config\Cache), false)
#12 C:\xampp\htdocs\festival_v2\public\index.php(37): CodeIgniter\CodeIgniter->run()
#13 {main}
ERROR - 2022-07-21 12:41:19 --> Unknown column 'updated_at' in 'field list'
CRITICAL - 2022-07-21 12:41:19 --> Unknown column 'updated_at' in 'field list'
#0 C:\xampp\htdocs\festival_v2\system\Database\MySQLi\Connection.php(292): mysqli->query('INSERT INTO `st...', 0)
#1 C:\xampp\htdocs\festival_v2\system\Database\BaseConnection.php(670): CodeIgniter\Database\MySQLi\Connection->execute('INSERT INTO `st...')
#2 C:\xampp\htdocs\festival_v2\system\Database\BaseConnection.php(598): CodeIgniter\Database\BaseConnection->simpleQuery('INSERT INTO `st...')
#3 C:\xampp\htdocs\festival_v2\system\Database\BaseBuilder.php(1771): CodeIgniter\Database\BaseConnection->query('INSERT INTO `st...', Array, false)
#4 C:\xampp\htdocs\festival_v2\system\Model.php(239): CodeIgniter\Database\BaseBuilder->insert()
#5 C:\xampp\htdocs\festival_v2\system\BaseModel.php(738): CodeIgniter\Model->doInsert(Array)
#6 C:\xampp\htdocs\festival_v2\system\Model.php(625): CodeIgniter\BaseModel->insert(Array, false)
#7 C:\xampp\htdocs\festival_v2\system\BaseModel.php(658): CodeIgniter\Model->insert(Array, false)
#8 C:\xampp\htdocs\festival_v2\app\Controllers\Home.php(110): CodeIgniter\BaseModel->save(Array)
#9 C:\xampp\htdocs\festival_v2\system\CodeIgniter.php(825): App\Controllers\Home->stands()
#10 C:\xampp\htdocs\festival_v2\system\CodeIgniter.php(412): CodeIgniter\CodeIgniter->runController(Object(App\Controllers\Home))
#11 C:\xampp\htdocs\festival_v2\system\CodeIgniter.php(320): CodeIgniter\CodeIgniter->handleRequest(NULL, Object(Config\Cache), false)
#12 C:\xampp\htdocs\festival_v2\public\index.php(37): CodeIgniter\CodeIgniter->run()
#13 {main}
ERROR - 2022-07-21 12:41:36 --> Unknown column 'updated_at' in 'field list'
CRITICAL - 2022-07-21 12:41:36 --> Unknown column 'updated_at' in 'field list'
#0 C:\xampp\htdocs\festival_v2\system\Database\MySQLi\Connection.php(292): mysqli->query('INSERT INTO `st...', 0)
#1 C:\xampp\htdocs\festival_v2\system\Database\BaseConnection.php(670): CodeIgniter\Database\MySQLi\Connection->execute('INSERT INTO `st...')
#2 C:\xampp\htdocs\festival_v2\system\Database\BaseConnection.php(598): CodeIgniter\Database\BaseConnection->simpleQuery('INSERT INTO `st...')
#3 C:\xampp\htdocs\festival_v2\system\Database\BaseBuilder.php(1771): CodeIgniter\Database\BaseConnection->query('INSERT INTO `st...', Array, false)
#4 C:\xampp\htdocs\festival_v2\system\Model.php(239): CodeIgniter\Database\BaseBuilder->insert()
#5 C:\xampp\htdocs\festival_v2\system\BaseModel.php(738): CodeIgniter\Model->doInsert(Array)
#6 C:\xampp\htdocs\festival_v2\system\Model.php(625): CodeIgniter\BaseModel->insert(Array, false)
#7 C:\xampp\htdocs\festival_v2\system\BaseModel.php(658): CodeIgniter\Model->insert(Array, false)
#8 C:\xampp\htdocs\festival_v2\app\Controllers\Home.php(110): CodeIgniter\BaseModel->save(Array)
#9 C:\xampp\htdocs\festival_v2\system\CodeIgniter.php(825): App\Controllers\Home->stands()
#10 C:\xampp\htdocs\festival_v2\system\CodeIgniter.php(412): CodeIgniter\CodeIgniter->runController(Object(App\Controllers\Home))
#11 C:\xampp\htdocs\festival_v2\system\CodeIgniter.php(320): CodeIgniter\CodeIgniter->handleRequest(NULL, Object(Config\Cache), false)
#12 C:\xampp\htdocs\festival_v2\public\index.php(37): CodeIgniter\CodeIgniter->run()
#13 {main}
CRITICAL - 2022-07-21 12:42:51 --> Undefined property: App\Controllers\Home::$validation
#0 C:\xampp\htdocs\festival_v2\app\Controllers\Home.php(87): CodeIgniter\Debug\Exceptions->errorHandler(8, 'Undefined prope...', 'C:\\xampp\\htdocs...', 87, Array)
#1 C:\xampp\htdocs\festival_v2\system\CodeIgniter.php(825): App\Controllers\Home->stands()
#2 C:\xampp\htdocs\festival_v2\system\CodeIgniter.php(412): CodeIgniter\CodeIgniter->runController(Object(App\Controllers\Home))
#3 C:\xampp\htdocs\festival_v2\system\CodeIgniter.php(320): CodeIgniter\CodeIgniter->handleRequest(NULL, Object(Config\Cache), false)
#4 C:\xampp\htdocs\festival_v2\public\index.php(37): CodeIgniter\CodeIgniter->run()
#5 {main}
CRITICAL - 2022-07-21 14:07:57 --> Call to a member function getName() on array
#0 C:\xampp\htdocs\festival_v2\system\CodeIgniter.php(825): App\Controllers\Home->stands()
#1 C:\xampp\htdocs\festival_v2\system\CodeIgniter.php(412): CodeIgniter\CodeIgniter->runController(Object(App\Controllers\Home))
#2 C:\xampp\htdocs\festival_v2\system\CodeIgniter.php(320): CodeIgniter\CodeIgniter->handleRequest(NULL, Object(Config\Cache), false)
#3 C:\xampp\htdocs\festival_v2\public\index.php(37): CodeIgniter\CodeIgniter->run()
#4 {main}
CRITICAL - 2022-07-21 14:22:20 --> Call to a member function getName() on array
#0 C:\xampp\htdocs\festival_v2\system\CodeIgniter.php(825): App\Controllers\Home->stands()
#1 C:\xampp\htdocs\festival_v2\system\CodeIgniter.php(412): CodeIgniter\CodeIgniter->runController(Object(App\Controllers\Home))
#2 C:\xampp\htdocs\festival_v2\system\CodeIgniter.php(320): CodeIgniter\CodeIgniter->handleRequest(NULL, Object(Config\Cache), false)
#3 C:\xampp\htdocs\festival_v2\public\index.php(37): CodeIgniter\CodeIgniter->run()
#4 {main}
CRITICAL - 2022-07-21 14:31:58 --> Call to undefined function App\Controllers\uniqidReal()
#0 C:\xampp\htdocs\festival_v2\system\CodeIgniter.php(825): App\Controllers\Home->stands()
#1 C:\xampp\htdocs\festival_v2\system\CodeIgniter.php(412): CodeIgniter\CodeIgniter->runController(Object(App\Controllers\Home))
#2 C:\xampp\htdocs\festival_v2\system\CodeIgniter.php(320): CodeIgniter\CodeIgniter->handleRequest(NULL, Object(Config\Cache), false)
#3 C:\xampp\htdocs\festival_v2\public\index.php(37): CodeIgniter\CodeIgniter->run()
#4 {main}
