CRITICAL - 2022-06-15 09:49:05 --> Undefined variable: errors
#0 C:\xampp\htdocs\festival_v2\app\Controllers\Home.php(30): CodeIgniter\Debug\Exceptions->errorHandler(8, 'Undefined varia...', 'C:\\xampp\\htdocs...', 30, Array)
#1 C:\xampp\htdocs\festival_v2\system\CodeIgniter.php(825): App\Controllers\Home->save_newsletter()
#2 C:\xampp\htdocs\festival_v2\system\CodeIgniter.php(412): CodeIgniter\CodeIgniter->runController(Object(App\Controllers\Home))
#3 C:\xampp\htdocs\festival_v2\system\CodeIgniter.php(320): CodeIgniter\CodeIgniter->handleRequest(NULL, Object(Config\Cache), false)
#4 C:\xampp\htdocs\festival_v2\public\index.php(37): CodeIgniter\CodeIgniter->run()
#5 {main}
ERROR - 2022-06-15 10:12:23 --> Error connecting to the database: Access denied for user '****'@'localhost' (using password: YES)
CRITICAL - 2022-06-15 10:12:23 --> Unable to connect to the database.
Main connection [MySQLi]: Access denied for user '****'@'localhost' (using password: YES)
#0 C:\xampp\htdocs\festival_v2\system\Database\BaseConnection.php(577): CodeIgniter\Database\BaseConnection->initialize()
#1 C:\xampp\htdocs\festival_v2\system\Database\BaseBuilder.php(1771): CodeIgniter\Database\BaseConnection->query('INSERT INTO `ne...', Array, false)
#2 C:\xampp\htdocs\festival_v2\system\Model.php(239): CodeIgniter\Database\BaseBuilder->insert()
#3 C:\xampp\htdocs\festival_v2\system\BaseModel.php(738): CodeIgniter\Model->doInsert(Array)
#4 C:\xampp\htdocs\festival_v2\system\Model.php(625): CodeIgniter\BaseModel->insert(Array, false)
#5 C:\xampp\htdocs\festival_v2\system\BaseModel.php(658): CodeIgniter\Model->insert(Array, false)
#6 C:\xampp\htdocs\festival_v2\app\Controllers\Home.php(40): CodeIgniter\BaseModel->save(Array)
#7 C:\xampp\htdocs\festival_v2\system\CodeIgniter.php(825): App\Controllers\Home->save_newsletter()
#8 C:\xampp\htdocs\festival_v2\system\CodeIgniter.php(412): CodeIgniter\CodeIgniter->runController(Object(App\Controllers\Home))
#9 C:\xampp\htdocs\festival_v2\system\CodeIgniter.php(320): CodeIgniter\CodeIgniter->handleRequest(NULL, Object(Config\Cache), false)
#10 C:\xampp\htdocs\festival_v2\public\index.php(37): CodeIgniter\CodeIgniter->run()
#11 {main}
ERROR - 2022-06-15 10:12:24 --> Error connecting to the database: Access denied for user '****'@'localhost' (using password: YES)
CRITICAL - 2022-06-15 10:12:24 --> Unable to connect to the database.
Main connection [MySQLi]: Access denied for user '****'@'localhost' (using password: YES)
#0 C:\xampp\htdocs\festival_v2\system\Database\BaseConnection.php(577): CodeIgniter\Database\BaseConnection->initialize()
#1 C:\xampp\htdocs\festival_v2\system\Database\BaseBuilder.php(1771): CodeIgniter\Database\BaseConnection->query('INSERT INTO `ne...', Array, false)
#2 C:\xampp\htdocs\festival_v2\system\Model.php(239): CodeIgniter\Database\BaseBuilder->insert()
#3 C:\xampp\htdocs\festival_v2\system\BaseModel.php(738): CodeIgniter\Model->doInsert(Array)
#4 C:\xampp\htdocs\festival_v2\system\Model.php(625): CodeIgniter\BaseModel->insert(Array, false)
#5 C:\xampp\htdocs\festival_v2\system\BaseModel.php(658): CodeIgniter\Model->insert(Array, false)
#6 C:\xampp\htdocs\festival_v2\app\Controllers\Home.php(40): CodeIgniter\BaseModel->save(Array)
#7 C:\xampp\htdocs\festival_v2\system\CodeIgniter.php(825): App\Controllers\Home->save_newsletter()
#8 C:\xampp\htdocs\festival_v2\system\CodeIgniter.php(412): CodeIgniter\CodeIgniter->runController(Object(App\Controllers\Home))
#9 C:\xampp\htdocs\festival_v2\system\CodeIgniter.php(320): CodeIgniter\CodeIgniter->handleRequest(NULL, Object(Config\Cache), false)
#10 C:\xampp\htdocs\festival_v2\public\index.php(37): CodeIgniter\CodeIgniter->run()
#11 {main}
ERROR - 2022-06-15 10:12:26 --> Error connecting to the database: Access denied for user '****'@'localhost' (using password: YES)
CRITICAL - 2022-06-15 10:12:26 --> Unable to connect to the database.
Main connection [MySQLi]: Access denied for user '****'@'localhost' (using password: YES)
#0 C:\xampp\htdocs\festival_v2\system\Database\BaseConnection.php(577): CodeIgniter\Database\BaseConnection->initialize()
#1 C:\xampp\htdocs\festival_v2\system\Database\BaseBuilder.php(1771): CodeIgniter\Database\BaseConnection->query('INSERT INTO `ne...', Array, false)
#2 C:\xampp\htdocs\festival_v2\system\Model.php(239): CodeIgniter\Database\BaseBuilder->insert()
#3 C:\xampp\htdocs\festival_v2\system\BaseModel.php(738): CodeIgniter\Model->doInsert(Array)
#4 C:\xampp\htdocs\festival_v2\system\Model.php(625): CodeIgniter\BaseModel->insert(Array, false)
#5 C:\xampp\htdocs\festival_v2\system\BaseModel.php(658): CodeIgniter\Model->insert(Array, false)
#6 C:\xampp\htdocs\festival_v2\app\Controllers\Home.php(40): CodeIgniter\BaseModel->save(Array)
#7 C:\xampp\htdocs\festival_v2\system\CodeIgniter.php(825): App\Controllers\Home->save_newsletter()
#8 C:\xampp\htdocs\festival_v2\system\CodeIgniter.php(412): CodeIgniter\CodeIgniter->runController(Object(App\Controllers\Home))
#9 C:\xampp\htdocs\festival_v2\system\CodeIgniter.php(320): CodeIgniter\CodeIgniter->handleRequest(NULL, Object(Config\Cache), false)
#10 C:\xampp\htdocs\festival_v2\public\index.php(37): CodeIgniter\CodeIgniter->run()
#11 {main}
ERROR - 2022-06-15 10:15:05 --> Unknown column 'name' in 'field list'
CRITICAL - 2022-06-15 10:15:05 --> Unknown column 'name' in 'field list'
#0 C:\xampp\htdocs\festival_v2\system\Database\MySQLi\Connection.php(292): mysqli->query('INSERT INTO `ne...', 0)
#1 C:\xampp\htdocs\festival_v2\system\Database\BaseConnection.php(670): CodeIgniter\Database\MySQLi\Connection->execute('INSERT INTO `ne...')
#2 C:\xampp\htdocs\festival_v2\system\Database\BaseConnection.php(598): CodeIgniter\Database\BaseConnection->simpleQuery('INSERT INTO `ne...')
#3 C:\xampp\htdocs\festival_v2\system\Database\BaseBuilder.php(1771): CodeIgniter\Database\BaseConnection->query('INSERT INTO `ne...', Array, false)
#4 C:\xampp\htdocs\festival_v2\system\Model.php(239): CodeIgniter\Database\BaseBuilder->insert()
#5 C:\xampp\htdocs\festival_v2\system\BaseModel.php(738): CodeIgniter\Model->doInsert(Array)
#6 C:\xampp\htdocs\festival_v2\system\Model.php(625): CodeIgniter\BaseModel->insert(Array, false)
#7 C:\xampp\htdocs\festival_v2\system\BaseModel.php(658): CodeIgniter\Model->insert(Array, false)
#8 C:\xampp\htdocs\festival_v2\app\Controllers\Home.php(40): CodeIgniter\BaseModel->save(Array)
#9 C:\xampp\htdocs\festival_v2\system\CodeIgniter.php(825): App\Controllers\Home->save_newsletter()
#10 C:\xampp\htdocs\festival_v2\system\CodeIgniter.php(412): CodeIgniter\CodeIgniter->runController(Object(App\Controllers\Home))
#11 C:\xampp\htdocs\festival_v2\system\CodeIgniter.php(320): CodeIgniter\CodeIgniter->handleRequest(NULL, Object(Config\Cache), false)
#12 C:\xampp\htdocs\festival_v2\public\index.php(37): CodeIgniter\CodeIgniter->run()
#13 {main}
